Сборка начата 14.10.2023 2:29:36.
Уровень детализации журнала: Normal.     1>Проект "C:\Users\Леново\Desktop\Lab6\Lab6\Lab6.vcxproj" в узле 2 (целевые объекты Build).
     1>InitializeBuildStatus:
         Обращение к "x64\Debug\Lab6.tlog\unsuccessfulbuild".
       ClCompile:
         C:\Program Files\Microsoft Visual Studio\2022\Community\VC\Tools\MSVC\14.37.32822\bin\HostX64\x64\CL.exe /c /ZI /JMC /nologo /W3 /WX- /diagnostics:column /sdl /Od /D _DEBUG /D _CONSOLE /D _UNICODE /D UNICODE /Gm- /EHsc /RTC1 /MDd /GS /fp:precise /Zc:wchar_t /Zc:forScope /Zc:inline /permissive- /Fo"x64\Debug\\" /Fd"x64\Debug\vc143.pdb" /external:W3 /Gd /TP /FC /errorReport:prompt Lab6.cpp
         Lab6.cpp
     1>C:\Users\Леново\Desktop\Lab6\Lab6\Lab6.cpp(11,1): warning C4005: IP_DEST_NET_UNREACHABLE: изменение макроопределения
       C:\Program Files (x86)\Windows Kits\10\Include\10.0.19041.0\um\ipexport.h(173,1): message : см. предыдущее определение "IP_DEST_NET_UNREACHABLE"
     1>C:\Users\Леново\Desktop\Lab6\Lab6\Lab6.cpp(12,1): warning C4005: IP_DEST_HOST_UNREACHABLE: изменение макроопределения
       C:\Program Files (x86)\Windows Kits\10\Include\10.0.19041.0\um\ipexport.h(174,1): message : см. предыдущее определение "IP_DEST_HOST_UNREACHABLE"
     1>C:\Users\Леново\Desktop\Lab6\Lab6\Lab6.cpp(13,1): warning C4005: IP_DEST_PROT_UNREACHABLE: изменение макроопределения
       C:\Program Files (x86)\Windows Kits\10\Include\10.0.19041.0\um\ipexport.h(175,1): message : см. предыдущее определение "IP_DEST_PROT_UNREACHABLE"
     1>C:\Users\Леново\Desktop\Lab6\Lab6\Lab6.cpp(14,1): warning C4005: IP_DEST_PORT_UNREACHABLE: изменение макроопределения
       C:\Program Files (x86)\Windows Kits\10\Include\10.0.19041.0\um\ipexport.h(176,1): message : см. предыдущее определение "IP_DEST_PORT_UNREACHABLE"
     1>C:\Users\Леново\Desktop\Lab6\Lab6\Lab6.cpp(15,1): warning C4005: IP_REQ_TIMED_OUT: изменение макроопределения
       C:\Program Files (x86)\Windows Kits\10\Include\10.0.19041.0\um\ipexport.h(181,1): message : см. предыдущее определение "IP_REQ_TIMED_OUT"
     1>C:\Users\Леново\Desktop\Lab6\Lab6\Lab6.cpp(16,1): warning C4005: IP_BAD_REQ: изменение макроопределения
       C:\Program Files (x86)\Windows Kits\10\Include\10.0.19041.0\um\ipexport.h(182,1): message : см. предыдущее определение "IP_BAD_REQ"
     1>C:\Users\Леново\Desktop\Lab6\Lab6\Lab6.cpp(17,1): warning C4005: IP_BAD_ROUTE: изменение макроопределения
       C:\Program Files (x86)\Windows Kits\10\Include\10.0.19041.0\um\ipexport.h(183,1): message : см. предыдущее определение "IP_BAD_ROUTE"
     1>C:\Users\Леново\Desktop\Lab6\Lab6\Lab6.cpp(18,1): warning C4005: IP_TTL_EXPIRED_TRANSIT: изменение макроопределения
       C:\Program Files (x86)\Windows Kits\10\Include\10.0.19041.0\um\ipexport.h(184,1): message : см. предыдущее определение "IP_TTL_EXPIRED_TRANSIT"
     1>C:\Users\Леново\Desktop\Lab6\Lab6\Lab6.cpp(43,25): error C4996: 'inet_addr': Use inet_pton() or InetPton() instead or define _WINSOCK_DEPRECATED_NO_WARNINGS to disable deprecated API warnings
     1>Сборка проекта "C:\Users\Леново\Desktop\Lab6\Lab6\Lab6.vcxproj" завершена (целевые объекты Build) с ошибкой.

Ошибка сборки.

       "C:\Users\Леново\Desktop\Lab6\Lab6\Lab6.vcxproj" (целевой объект Build ) (1) ->
       (Целевой объект ClCompile) -> 
         C:\Users\Леново\Desktop\Lab6\Lab6\Lab6.cpp(11,1): warning C4005: IP_DEST_NET_UNREACHABLE: изменение макроопределения
         C:\Users\Леново\Desktop\Lab6\Lab6\Lab6.cpp(12,1): warning C4005: IP_DEST_HOST_UNREACHABLE: изменение макроопределения
         C:\Users\Леново\Desktop\Lab6\Lab6\Lab6.cpp(13,1): warning C4005: IP_DEST_PROT_UNREACHABLE: изменение макроопределения
         C:\Users\Леново\Desktop\Lab6\Lab6\Lab6.cpp(14,1): warning C4005: IP_DEST_PORT_UNREACHABLE: изменение макроопределения
         C:\Users\Леново\Desktop\Lab6\Lab6\Lab6.cpp(15,1): warning C4005: IP_REQ_TIMED_OUT: изменение макроопределения
         C:\Users\Леново\Desktop\Lab6\Lab6\Lab6.cpp(16,1): warning C4005: IP_BAD_REQ: изменение макроопределения
         C:\Users\Леново\Desktop\Lab6\Lab6\Lab6.cpp(17,1): warning C4005: IP_BAD_ROUTE: изменение макроопределения
         C:\Users\Леново\Desktop\Lab6\Lab6\Lab6.cpp(18,1): warning C4005: IP_TTL_EXPIRED_TRANSIT: изменение макроопределения


       "C:\Users\Леново\Desktop\Lab6\Lab6\Lab6.vcxproj" (целевой объект Build ) (1) ->
       (Целевой объект ClCompile) -> 
         C:\Users\Леново\Desktop\Lab6\Lab6\Lab6.cpp(43,25): error C4996: 'inet_addr': Use inet_pton() or InetPton() instead or define _WINSOCK_DEPRECATED_NO_WARNINGS to disable deprecated API warnings

    Предупреждений: 8
    Ошибок: 1

Прошло времени 00:00:01.09
